<?xml version="1.0" encoding="UTF-8"?>
<robot generator="Robot 5.0 (Python 3.10.0 on win32)" generated="20220509 16:27:31.356" rpa="false" schemaversion="3">
<suite id="s1" name="Verify Invalid Credential Suite" source="C:\Users\shubham gupta\Documents\robot framework\OrangeHRMautomation\LoginSuite\verify_invalid_credential_suite.robot">
<test id="s1-t1" name="Invalid Credential Test" line="10">
<kw name="Launch Browser" library="CommonFunctionality" type="SETUP">
<kw name="Append To Environment Variable" library="OperatingSystem">
<arg>path</arg>
<arg>${EXECDIR}${/}driver</arg>
<doc>Appends given ``values`` to environment variable ``name``.</doc>
<msg timestamp="20220509 16:27:33.565" level="INFO">Environment variable 'path' set to value 'C:\Program Files (x86)\VMware\VMware Workstation\bin\;C:\Program Files\Common Files\Oracle\Java\javapath;C:\Program Files\Java\jdk1.8.0_60\bin;C:\WINDOWS\system32;C:\WINDOWS;C:\WINDOWS\System32\Wbem;C:\WINDOWS\System32\WindowsPowerShell\v1.0\;C:\WINDOWS\System32\OpenSSH\;C:\Program Files\Git\cmd;C:\Program Files\Java\jdk-17.0.2\bin;C:\Users\shubham gupta\AppData\Local\Programs\Python\Python310\Scripts\;C:\Users\shubham gupta\AppData\Local\Programs\Python\Python310\;C:\Users\shubham gupta\AppData\Local\Microsoft\WindowsApps;C:\Users\shubham gupta\AppData\Local\Programs\Microsoft VS Code\bin;C:\Users\shubham gupta\AppData\Local\GitHubDesktop\bin;C:\Program Files\JetBrains\PyCharm 2021.3.3\bin;;;C:\Users\shubham gupta\Documents\robot framework\OrangeHRMautomation\driver'.</msg>
<status status="PASS" starttime="20220509 16:27:33.540" endtime="20220509 16:27:33.565"/>
</kw>
<kw name="Open Browser" library="SeleniumLibrary">
<arg>browser=chrome</arg>
<doc>Opens a new browser instance to the optional ``url``.</doc>
<msg timestamp="20220509 16:27:33.566" level="INFO">Opening browser 'chrome' to base url 'None'.</msg>
<msg timestamp="20220509 16:30:19.221" level="INFO">Cannot capture screenshot because no browser is open.</msg>
<msg timestamp="20220509 16:30:19.222" level="FAIL">WebDriverException: Message: chrome not reachable
</msg>
<status status="FAIL" starttime="20220509 16:27:33.566" endtime="20220509 16:30:23.226"/>
</kw>
<kw name="Maximize Browser Window" library="SeleniumLibrary">
<doc>Maximizes current browser window.</doc>
<status status="NOT RUN" starttime="20220509 16:30:23.228" endtime="20220509 16:30:23.228"/>
</kw>
<kw name="Set Selenium Implicit Wait" library="SeleniumLibrary">
<arg>30s</arg>
<doc>Sets the implicit wait value used by Selenium.</doc>
<status status="NOT RUN" starttime="20220509 16:30:23.229" endtime="20220509 16:30:23.229"/>
</kw>
<kw name="Set Screenshot Directory" library="SeleniumLibrary">
<arg>${EXECDIR}screenshot</arg>
<doc>Sets the directory for captured screenshots.</doc>
<status status="NOT RUN" starttime="20220509 16:30:23.229" endtime="20220509 16:30:23.229"/>
</kw>
<kw name="Go To" library="SeleniumLibrary">
<arg>url=${URL}</arg>
<doc>Navigates the current browser window to the provided ``url``.</doc>
<status status="NOT RUN" starttime="20220509 16:30:23.230" endtime="20220509 16:30:23.230"/>
</kw>
<status status="FAIL" starttime="20220509 16:27:33.540" endtime="20220509 16:30:23.232"/>
</kw>
<kw name="Close Browser" library="SeleniumLibrary" type="TEARDOWN">
<doc>Closes the current browser.</doc>
<status status="PASS" starttime="20220509 16:30:23.237" endtime="20220509 16:30:23.238"/>
</kw>
<status status="FAIL" starttime="20220509 16:27:33.538" endtime="20220509 16:30:23.239">Setup failed:
WebDriverException: Message: chrome not reachable
</status>
</test>
<doc>this suite will handle valid credential
test - TC_OH_2</doc>
<status status="FAIL" starttime="20220509 16:27:31.379" endtime="20220509 16:30:23.246"/>
</suite>
<statistics>
<total>
<stat pass="0" fail="1" skip="0">All Tests</stat>
</total>
<tag>
</tag>
<suite>
<stat pass="0" fail="1" skip="0" id="s1" name="Verify Invalid Credential Suite">Verify Invalid Credential Suite</stat>
</suite>
</statistics>
<errors>
</errors>
</robot>
